<?xml version="1.0" encoding="UTF-8" ?>
<testsuite tests="3" failures="3" name="TestSuite" time="30.16" errors="0" skipped="0">
  <properties>
[...]
</properties>
  <testcase classname="org.wso2.carbon.esb.scenario.test.RoutingBasedOnRegularExpressionTest" name="routeMessagesBasedOnEmptyRegex" time="0.113">
    <failure message="Expected : &lt;&lt;m:GetStockPriceResponse xmlns:m=&quot;http://www.example.org/stock&quot;&gt;
    &lt;m:Price&gt;34.5&lt;/m:Price&gt;
&lt;/m:GetStockPriceResponse&gt;&gt; but was &lt;&lt;message xmlns=&quot;http://ws.apache.org/ns/synapse&quot;&gt;&lt;error&gt;Regular expression not exists or value is empty&lt;/error&gt;&lt;/message&gt;&gt; in test case : 5_1 expected:&lt;true&gt; but was:&lt;false&gt;" type="java.lang.AssertionError">java.lang.AssertionError: Expected : &lt;&lt;m:GetStockPriceResponse xmlns:m=&quot;http://www.example.org/stock&quot;&gt;
    &lt;m:Price&gt;34.5&lt;/m:Price&gt;
&lt;/m:GetStockPriceResponse&gt;&gt; but was &lt;&lt;message xmlns=&quot;http://ws.apache.org/ns/synapse&quot;&gt;&lt;error&gt;Regular expression not exists or value is empty&lt;/error&gt;&lt;/message&gt;&gt; in test case : 5_1 expected:&lt;true&gt; but was:&lt;false&gt;
	at org.testng.Assert.fail(Assert.java:89)
	at org.testng.Assert.failNotEquals(Assert.java:489)
	at org.testng.Assert.assertTrue(Assert.java:37)
	at org.wso2.carbon.esb.scenario.test.common.http.HTTPUtils.invokePoxEndpointAndAssert(HTTPUtils.java:240)
	at org.wso2.carbon.esb.scenario.test.RoutingBasedOnRegularExpressionTest.routeMessagesBasedOnEmptyRegex(RoutingBasedOnRegularExpressionTest.java:86)
</failure>
    <system-out>WARN  [org.wso2.carbon.esb.scenario.test.common.ScenarioTestBase] - Deployment property file not found: /Users/ridmilokumudali/Documents/EI_HOME/NEW_BRANCH/product-ei/product-scenarios/infrastructure.properties
WARN  [org.wso2.carbon.esb.scenario.test.common.ScenarioTestBase] - Deployment property file not found: /Users/ridmilokumudali/Documents/EI_HOME/NEW_BRANCH/product-ei/product-scenarios/testplan-props.properties
WARN  [org.wso2.carbon.esb.scenario.test.common.ScenarioTestBase] - Deployment property file not found: /Users/ridmilokumudali/Documents/EI_HOME/NEW_BRANCH/product-ei/product-scenarios/infrastructure.properties
WARN  [org.wso2.carbon.esb.scenario.test.common.ScenarioTestBase] - Deployment property file not found: /Users/ridmilokumudali/Documents/EI_HOME/NEW_BRANCH/product-ei/product-scenarios/testplan-props.properties
INFO  [org.wso2.carbon.esb.scenario.test.common.testng.listeners.TestPrepExecutionListener] - Test execution standalone mode : true
WARN  [org.apache.axiom.util.stax.dialect.StAXDialectDetector] - Unable to determine dialect of the StAX implementation at jar:file:/Users/ridmilokumudali/.m2/repository/org/apache/ws/commons/axiom/wso2/axiom/1.2.11.wso2v11/axiom-1.2.11.wso2v11.jar!/
INFO  [org.apache.axis2.deployment.ModuleDeployer] - Deploying module: wso2caching-4.2.0 - file:/Users/ridmilokumudali/.m2/repository/org/wso2/carbon/org.wso2.carbon.caching.core/4.2.0/org.wso2.carbon.caching.core-4.2.0.jar
INFO  [org.wso2.carbon.esb.scenario.test.common.testng.listeners.TestPrepExecutionListener] - Backend URL is set as : localhost
INFO  [org.wso2.carbon.esb.scenario.test.common.AuthenticatorClient] - Login Successful
INFO  [org.apache.axis2.deployment.ModuleDeployer] - Deploying module: wso2caching-4.2.0 - file:/Users/ridmilokumudali/.m2/repository/org/wso2/carbon/org.wso2.carbon.caching.core/4.2.0/org.wso2.carbon.caching.core-4.2.0.jar
INFO  [org.wso2.carbon.esb.scenario.test.common.testng.listeners.TestPrepExecutionListener] - Carbon application : 05-synapseConfigCompositeApplication_1.0.0 already deployed
INFO  [org.wso2.carbon.esb.scenario.test.common.ScenarioTestBase] - Started Executing Scenario TestBase 
INFO  [org.apache.axis2.deployment.ModuleDeployer] - Deploying module: wso2caching-4.2.0 - file:/Users/ridmilokumudali/.m2/repository/org/wso2/carbon/org.wso2.carbon.caching.core/4.2.0/org.wso2.carbon.caching.core-4.2.0.jar
INFO  [org.wso2.carbon.esb.scenario.test.common.ScenarioTestBase] - Backend URL is set as : localhost
INFO  [org.wso2.carbon.esb.scenario.test.common.AuthenticatorClient] - Login Successful
INFO  [org.wso2.carbon.esb.scenario.test.common.ScenarioTestBase] - Service URL: http://localhost:8280/ | Secured Service URL: https://localhost:8243/
INFO  [org.wso2.carbon.esb.scenario.test.common.ScenarioTestBase] - The Backend service URL : https://localhost:9443/services/. session cookie: JSESSIONID=D0DDB321B4EC77A4F7DB23064E58992B; Path=/; Secure; HttpOnly
INFO  [org.wso2.carbon.esb.scenario.test.common.testng.listeners.TestLoggingListener] - =================== Running the test method org.wso2.carbon.esb.scenario.test.RoutingBasedOnRegularExpressionTest.routeMessagesBasedOnEmptyRegex ===================
</system-out>
  </testcase>
  <testcase classname="org.wso2.carbon.esb.scenario.test.RoutingBasedOnRegularExpressionTest" name="routeMessagesBasedOnInvalidRegex" time="0.037">
    <failure message="Expected : &lt;&lt;m:GetStockPriceResponse xmlns:m=&quot;http://www.example.org/stock&quot;&gt;
    &lt;m:Price&gt;34.5&lt;/m:Price&gt;
&lt;/m:GetStockPriceResponse&gt;&gt; but was &lt;&lt;message xmlns=&quot;http://ws.apache.org/ns/synapse&quot;&gt;&lt;error&gt;Regular expression not exists or value is empty&lt;/error&gt;&lt;/message&gt;&gt; in test case : 5_1 expected:&lt;true&gt; but was:&lt;false&gt;" type="java.lang.AssertionError">java.lang.AssertionError: Expected : &lt;&lt;m:GetStockPriceResponse xmlns:m=&quot;http://www.example.org/stock&quot;&gt;
    &lt;m:Price&gt;34.5&lt;/m:Price&gt;
&lt;/m:GetStockPriceResponse&gt;&gt; but was &lt;&lt;message xmlns=&quot;http://ws.apache.org/ns/synapse&quot;&gt;&lt;error&gt;Regular expression not exists or value is empty&lt;/error&gt;&lt;/message&gt;&gt; in test case : 5_1 expected:&lt;true&gt; but was:&lt;false&gt;
	at org.testng.Assert.fail(Assert.java:89)
	at org.testng.Assert.failNotEquals(Assert.java:489)
	at org.testng.Assert.assertTrue(Assert.java:37)
	at org.wso2.carbon.esb.scenario.test.common.http.HTTPUtils.invokePoxEndpointAndAssert(HTTPUtils.java:240)
	at org.wso2.carbon.esb.scenario.test.RoutingBasedOnRegularExpressionTest.routeMessagesBasedOnInvalidRegex(RoutingBasedOnRegularExpressionTest.java:71)
</failure>
    <system-out>INFO  [org.wso2.carbon.esb.scenario.test.common.testng.listeners.TestLoggingListener] - =================== On test failure org.wso2.carbon.esb.scenario.test.RoutingBasedOnRegularExpressionTest.routeMessagesBasedOnEmptyRegex ===================
INFO  [org.wso2.carbon.esb.scenario.test.common.testng.listeners.TestLoggingListener] - =================== Running the test method org.wso2.carbon.esb.scenario.test.RoutingBasedOnRegularExpressionTest.routeMessagesBasedOnInvalidRegex ===================
</system-out>
  </testcase>
  <testcase classname="org.wso2.carbon.esb.scenario.test.RoutingBasedOnRegularExpressionTest" name="routeMessagesBasedOnValidRegex" time="30.01">
    <failure message="Read timed out" type="java.net.SocketTimeoutException">java.net.SocketTimeoutException: Read timed out
	at java.net.SocketInputStream.socketRead0(Native Method)
	at java.net.SocketInputStream.socketRead(SocketInputStream.java:116)
	at java.net.SocketInputStream.read(SocketInputStream.java:171)
	at java.net.SocketInputStream.read(SocketInputStream.java:141)
	at org.apache.http.impl.io.AbstractSessionInputBuffer.fillBuffer(AbstractSessionInputBuffer.java:160)
	at org.apache.http.impl.io.SocketInputBuffer.fillBuffer(SocketInputBuffer.java:84)
	at org.apache.http.impl.io.AbstractSessionInputBuffer.readLine(AbstractSessionInputBuffer.java:273)
	at org.apache.http.impl.conn.DefaultHttpResponseParser.parseHead(DefaultHttpResponseParser.java:140)
	at org.apache.http.impl.conn.DefaultHttpResponseParser.parseHead(DefaultHttpResponseParser.java:57)
	at org.apache.http.impl.io.AbstractMessageParser.parse(AbstractMessageParser.java:260)
	at org.apache.http.impl.AbstractHttpClientConnection.receiveResponseHeader(AbstractHttpClientConnection.java:283)
	at org.apache.http.impl.conn.DefaultClientConnection.receiveResponseHeader(DefaultClientConnection.java:251)
	at org.apache.http.impl.conn.AbstractClientConnAdapter.receiveResponseHeader(AbstractClientConnAdapter.java:223)
	at org.apache.http.protocol.HttpRequestExecutor.doReceiveResponse(HttpRequestExecutor.java:271)
	at org.apache.http.protocol.HttpRequestExecutor.execute(HttpRequestExecutor.java:123)
	at org.apache.http.impl.client.DefaultRequestDirector.tryExecute(DefaultRequestDirector.java:682)
	at org.apache.http.impl.client.DefaultRequestDirector.execute(DefaultRequestDirector.java:486)
	at org.apache.http.impl.client.AbstractHttpClient.doExecute(AbstractHttpClient.java:863)
	at org.apache.http.impl.client.CloseableHttpClient.execute(CloseableHttpClient.java:82)
	at org.apache.http.impl.client.CloseableHttpClient.execute(CloseableHttpClient.java:106)
	at org.wso2.carbon.esb.scenario.test.common.http.RESTClient.doPost(RESTClient.java:120)
	at org.wso2.carbon.esb.scenario.test.common.http.HTTPUtils.invokePoxEndpointAndAssert(HTTPUtils.java:230)
	at org.wso2.carbon.esb.scenario.test.RoutingBasedOnRegularExpressionTest.routeMessagesBasedOnValidRegex(RoutingBasedOnRegularExpressionTest.java:56)
</failure>
    <system-out>INFO  [org.wso2.carbon.esb.scenario.test.common.testng.listeners.TestLoggingListener] - =================== On test failure org.wso2.carbon.esb.scenario.test.RoutingBasedOnRegularExpressionTest.routeMessagesBasedOnInvalidRegex ===================
INFO  [org.wso2.carbon.esb.scenario.test.common.testng.listeners.TestLoggingListener] - =================== Running the test method org.wso2.carbon.esb.scenario.test.RoutingBasedOnRegularExpressionTest.routeMessagesBasedOnValidRegex ===================
</system-out>
  </testcase>
</testsuite>