<?xml version="1.0" encoding="UTF-8" ?>
<testsuite tests="2" failures="2" name="TestSuite" time="0.376" errors="0" skipped="0">
  <properties>
[...]
</properties>
  <testcase classname="org.wso2.carbon.esb.scenario.test.RoutingBasedOnXpathWithFilterMTest" name="testRouteBasedOnXpathWithInvalidCaseName" time="0.122">
    <failure message="Route messages based on given Xpath with valid case name failed expected:&lt;200&gt; but was:&lt;500&gt;" type="java.lang.AssertionError">java.lang.AssertionError: Route messages based on given Xpath with valid case name failed expected:&lt;200&gt; but was:&lt;500&gt;
	at org.testng.Assert.fail(Assert.java:89)
	at org.testng.Assert.failNotEquals(Assert.java:489)
	at org.testng.Assert.assertEquals(Assert.java:118)
	at org.testng.Assert.assertEquals(Assert.java:365)
	at org.wso2.carbon.esb.scenario.test.common.http.HTTPUtils.invokePoxEndpointAndAssert(HTTPUtils.java:232)
	at org.wso2.carbon.esb.scenario.test.RoutingBasedOnXpathWithFilterMTest.testRouteBasedOnXpathWithInvalidCaseName(RoutingBasedOnXpathWithFilterMTest.java:69)
</failure>
    <system-out>WARN  [org.wso2.carbon.esb.scenario.test.common.ScenarioTestBase] - Deployment property file not found: /Users/ridmilokumudali/Documents/EI_HOME/NEW_BRANCH/product-ei/product-scenarios/infrastructure.properties
WARN  [org.wso2.carbon.esb.scenario.test.common.ScenarioTestBase] - Deployment property file not found: /Users/ridmilokumudali/Documents/EI_HOME/NEW_BRANCH/product-ei/product-scenarios/testplan-props.properties
WARN  [org.wso2.carbon.esb.scenario.test.common.ScenarioTestBase] - Deployment property file not found: /Users/ridmilokumudali/Documents/EI_HOME/NEW_BRANCH/product-ei/product-scenarios/infrastructure.properties
WARN  [org.wso2.carbon.esb.scenario.test.common.ScenarioTestBase] - Deployment property file not found: /Users/ridmilokumudali/Documents/EI_HOME/NEW_BRANCH/product-ei/product-scenarios/testplan-props.properties
INFO  [org.wso2.carbon.esb.scenario.test.common.testng.listeners.TestPrepExecutionListener] - Test execution standalone mode : true
WARN  [org.apache.axiom.util.stax.dialect.StAXDialectDetector] - Unable to determine dialect of the StAX implementation at jar:file:/Users/ridmilokumudali/.m2/repository/org/apache/ws/commons/axiom/wso2/axiom/1.2.11.wso2v11/axiom-1.2.11.wso2v11.jar!/
INFO  [org.apache.axis2.deployment.ModuleDeployer] - Deploying module: wso2caching-4.2.0 - file:/Users/ridmilokumudali/.m2/repository/org/wso2/carbon/org.wso2.carbon.caching.core/4.2.0/org.wso2.carbon.caching.core-4.2.0.jar
INFO  [org.wso2.carbon.esb.scenario.test.common.testng.listeners.TestPrepExecutionListener] - Backend URL is set as : localhost
INFO  [org.wso2.carbon.esb.scenario.test.common.AuthenticatorClient] - Login Successful
INFO  [org.apache.axis2.deployment.ModuleDeployer] - Deploying module: wso2caching-4.2.0 - file:/Users/ridmilokumudali/.m2/repository/org/wso2/carbon/org.wso2.carbon.caching.core/4.2.0/org.wso2.carbon.caching.core-4.2.0.jar
INFO  [org.wso2.carbon.esb.scenario.test.common.testng.listeners.TestPrepExecutionListener] - Carbon application : 05-synapseConfigCompositeApplication_1.0.0 already deployed
INFO  [org.wso2.carbon.esb.scenario.test.common.ScenarioTestBase] - Started Executing Scenario TestBase 
INFO  [org.apache.axis2.deployment.ModuleDeployer] - Deploying module: wso2caching-4.2.0 - file:/Users/ridmilokumudali/.m2/repository/org/wso2/carbon/org.wso2.carbon.caching.core/4.2.0/org.wso2.carbon.caching.core-4.2.0.jar
INFO  [org.wso2.carbon.esb.scenario.test.common.ScenarioTestBase] - Backend URL is set as : localhost
INFO  [org.wso2.carbon.esb.scenario.test.common.AuthenticatorClient] - Login Successful
INFO  [org.wso2.carbon.esb.scenario.test.common.ScenarioTestBase] - Service URL: http://localhost:8280/ | Secured Service URL: https://localhost:8243/
INFO  [org.wso2.carbon.esb.scenario.test.common.ScenarioTestBase] - The Backend service URL : https://localhost:9443/services/. session cookie: JSESSIONID=6A684E7AE3665236753D284BB690D6E1; Path=/; Secure; HttpOnly
INFO  [org.wso2.carbon.esb.scenario.test.common.testng.listeners.TestLoggingListener] - =================== Running the test method org.wso2.carbon.esb.scenario.test.RoutingBasedOnXpathWithFilterMTest.testRouteBasedOnXpathWithInvalidCaseName ===================
</system-out>
  </testcase>
  <testcase classname="org.wso2.carbon.esb.scenario.test.RoutingBasedOnXpathWithFilterMTest" name="testRouteBasedOnXpathWithValidCaseName" time="0.254">
    <failure message="Route messages based on given Xpath with valid case name failed expected:&lt;200&gt; but was:&lt;500&gt;" type="java.lang.AssertionError">java.lang.AssertionError: Route messages based on given Xpath with valid case name failed expected:&lt;200&gt; but was:&lt;500&gt;
	at org.testng.Assert.fail(Assert.java:89)
	at org.testng.Assert.failNotEquals(Assert.java:489)
	at org.testng.Assert.assertEquals(Assert.java:118)
	at org.testng.Assert.assertEquals(Assert.java:365)
	at org.wso2.carbon.esb.scenario.test.common.http.HTTPUtils.invokePoxEndpointAndAssert(HTTPUtils.java:232)
	at org.wso2.carbon.esb.scenario.test.RoutingBasedOnXpathWithFilterMTest.testRouteBasedOnXpathWithValidCaseName(RoutingBasedOnXpathWithFilterMTest.java:52)
</failure>
    <system-out>INFO  [org.wso2.carbon.esb.scenario.test.common.testng.listeners.TestLoggingListener] - =================== On test failure org.wso2.carbon.esb.scenario.test.RoutingBasedOnXpathWithFilterMTest.testRouteBasedOnXpathWithInvalidCaseName ===================
INFO  [org.wso2.carbon.esb.scenario.test.common.testng.listeners.TestLoggingListener] - =================== Running the test method org.wso2.carbon.esb.scenario.test.RoutingBasedOnXpathWithFilterMTest.testRouteBasedOnXpathWithValidCaseName ===================
</system-out>
  </testcase>
</testsuite>